Sample: 'S1', Data: 'sigma'
---------------------------

n          | T          | Expt.      | n          | T          | Calc.      | Diff.     
----------------------------------------------------------------------------------------
  1.00e+18 |        205 |     184.14 |   3.05e+18 |        205 |     184.14 |  -4.25e-07
  1.00e+18 |        212 |     172.14 |   2.97e+18 |        212 |     172.14 |  -2.30e-07
  1.00e+18 |        218 |     161.75 |   2.92e+18 |        218 |     161.75 |  -4.00e-07
  1.00e+18 |        225 |     151.59 |   2.85e+18 |        225 |     151.59 |  -2.77e-07
  1.00e+18 |        231 |     142.99 |   2.80e+18 |        231 |     142.99 |  -2.35e-07
  1.00e+18 |        238 |     135.23 |   2.76e+18 |        238 |     135.23 |  -2.71e-07
  1.00e+18 |        245 |     128.38 |   2.72e+18 |        245 |     128.38 |  -1.92e-07
  1.00e+18 |        251 |     121.41 |   2.67e+18 |        251 |     121.41 |  -2.20e-07
  1.00e+18 |        258 |     115.71 |   2.65e+18 |        258 |     115.71 |  -4.45e-07
  1.00e+18 |        264 |     110.28 |   2.62e+18 |        264 |     110.28 |  -2.26e-07
  1.00e+18 |        271 |     105.51 |   2.59e+18 |        271 |     105.51 |  -2.46e-07
  1.00e+18 |        277 |     100.43 |   2.56e+18 |        277 |     100.43 |  -2.00e-07
  1.00e+18 |        284 |      96.71 |   2.55e+18 |        284 |      96.71 |  -1.37e-09
  1.00e+18 |        291 |      92.17 |   2.51e+18 |        291 |      92.17 |  -3.03e-08
  1.00e+18 |        297 |      88.98 |   2.50e+18 |        297 |      88.98 |  -1.22e-07
  1.00e+18 |        304 |      85.25 |   2.45e+18 |        304 |      85.25 |   5.56e-08
  1.00e+18 |        310 |      82.30 |   2.43e+18 |        310 |      82.30 |  -2.80e-08
  1.00e+18 |        317 |      79.56 |   2.41e+18 |        317 |      79.56 |  -2.11e-07
  1.00e+18 |        324 |      76.81 |   2.39e+18 |        324 |      76.81 |  -5.43e-08
  1.00e+18 |        330 |      74.06 |   2.35e+18 |        330 |      74.06 |   7.32e-08
  1.00e+18 |        337 |      71.68 |   2.33e+18 |        337 |      71.68 |  -4.20e-07
  1.00e+18 |        343 |      69.47 |   2.32e+18 |        343 |      69.47 |  -9.27e-08
  1.00e+18 |        350 |      67.25 |   2.29e+18 |        350 |      67.25 |  -8.50e-08
  1.00e+18 |        357 |      65.17 |   2.27e+18 |        357 |      65.17 |  -2.84e-08
  1.00e+18 |        363 |      63.17 |   2.25e+18 |        363 |      63.17 |  -4.41e-10
  1.00e+18 |        370 |      61.62 |   2.25e+18 |        370 |      61.62 |  -7.40e-08
  1.00e+18 |        376 |      60.10 |   2.24e+18 |        376 |      60.10 |  -9.85e-08
  1.00e+18 |        383 |      58.33 |   2.22e+18 |        383 |      58.33 |  -1.51e-07
  1.00e+18 |        390 |      56.82 |   2.21e+18 |        390 |      56.82 |  -5.01e-08
  1.00e+18 |        396 |      55.28 |   2.20e+18 |        396 |      55.28 |  -6.77e-08
  1.00e+18 |        400 |      77.01 |   3.16e+18 |        400 |      77.01 |  -8.44e-08

Sample: 'S2', Data: 'sigma'
---------------------------

n          | T          | Expt.      | n          | T          | Calc.      | Diff.     
----------------------------------------------------------------------------------------
  6.80e+18 |        203 |     753.30 |   1.59e+19 |        203 |     753.30 |  -7.57e-07
  6.80e+18 |        210 |     708.28 |   1.54e+19 |        210 |     708.28 |  -1.74e-06
  6.80e+18 |        216 |     666.81 |   1.50e+19 |        216 |     666.81 |  -1.38e-06
  6.80e+18 |        223 |     628.98 |   1.47e+19 |        223 |     628.98 |  -1.67e-06
  6.80e+18 |        230 |     594.45 |   1.43e+19 |        230 |     594.45 |  -4.31e-08
  6.80e+18 |        236 |     562.54 |   1.40e+19 |        236 |     562.54 |  -4.08e-06
  6.80e+18 |        243 |     534.41 |   1.37e+19 |        243 |     534.41 |  -9.06e-07
  6.80e+18 |        249 |     496.91 |   1.31e+19 |        249 |     496.91 |  -9.14e-07
  6.80e+18 |        256 |     482.71 |   1.32e+19 |        256 |     482.71 |  -1.87e-06
  6.80e+18 |        262 |     461.44 |   1.30e+19 |        262 |     461.44 |  -1.22e-06
  6.80e+18 |        269 |     442.06 |   1.28e+19 |        269 |     442.06 |  -3.55e-06
  6.80e+18 |        276 |     422.40 |   1.26e+19 |        276 |     422.40 |  -8.25e-07
  6.80e+18 |        282 |     405.70 |   1.24e+19 |        282 |     405.70 |  -7.87e-10
  6.80e+18 |        289 |     388.66 |   1.22e+19 |        289 |     388.66 |  -7.79e-12
  6.80e+18 |        295 |     374.26 |   1.21e+19 |        295 |     374.26 |  -1.50e-06
  6.80e+18 |        302 |     358.54 |   1.19e+19 |        302 |     358.54 |  -3.54e-09
  6.80e+18 |        309 |     345.48 |   1.18e+19 |        309 |     345.48 |  -8.09e-07
  6.80e+18 |        315 |     333.32 |   1.17e+19 |        315 |     333.32 |  -4.66e-07
  6.80e+18 |        322 |     320.35 |   1.15e+19 |        322 |     320.35 |  -6.62e-09
  6.80e+18 |        328 |     310.08 |   1.14e+19 |        328 |     310.08 |  -6.13e-07
  6.80e+18 |        335 |     299.94 |   1.13e+19 |        335 |     299.94 |  -8.25e-07
  6.80e+18 |        342 |     289.95 |   1.12e+19 |        342 |     289.95 |  -1.65e-06
  6.80e+18 |        348 |     280.11 |   1.11e+19 |        348 |     280.11 |  -1.57e-06
  6.80e+18 |        355 |     271.30 |   1.10e+19 |        355 |     271.30 |  -4.79e-07
  6.80e+18 |        361 |     262.77 |   1.09e+19 |        361 |     262.77 |  -5.39e-07
  6.80e+18 |        368 |     254.84 |   1.08e+19 |        368 |     254.84 |  -6.49e-07
  6.80e+18 |        375 |     246.98 |   1.07e+19 |        375 |     246.98 |  -4.82e-07
  6.80e+18 |        381 |     239.99 |   1.07e+19 |        381 |     239.99 |  -1.41e-06
  6.80e+18 |        388 |     233.34 |   1.06e+19 |        388 |     233.34 |  -2.31e-06
  6.80e+18 |        394 |     227.03 |   1.05e+19 |        394 |     227.03 |  -1.63e-06
  6.80e+18 |        399 |     222.17 |   1.05e+19 |        399 |     222.17 |  -1.26e-06

Sample: 'S3', Data: 'sigma'
---------------------------

n          | T          | Expt.      | n          | T          | Calc.      | Diff.     
----------------------------------------------------------------------------------------
  1.30e+19 |        204 |    1218.33 |   2.93e+19 |        204 |    1218.33 |  -7.10e-07
  1.30e+19 |        210 |    1145.93 |   2.85e+19 |        210 |    1145.93 |  -9.14e-07
  1.30e+19 |        217 |    1076.44 |   2.78e+19 |        217 |    1076.44 |  -1.35e-06
  1.30e+19 |        224 |    1012.39 |   2.71e+19 |        224 |    1012.39 |  -1.14e-05
  1.30e+19 |        230 |     960.14 |   2.66e+19 |        230 |     960.14 |  -3.26e-06
  1.30e+19 |        237 |     909.29 |   2.61e+19 |        237 |     909.29 |  -5.11e-06
  1.30e+19 |        243 |     869.87 |   2.58e+19 |        243 |     869.87 |  -3.64e-06
  1.30e+19 |        250 |     827.61 |   2.53e+19 |        250 |     827.61 |  -2.60e-06
  1.30e+19 |        256 |     782.68 |   2.46e+19 |        256 |     782.68 |  -8.35e-07
  1.30e+19 |        263 |     746.16 |   2.39e+19 |        263 |     746.16 |  -3.25e-07
  1.30e+19 |        270 |     714.35 |   2.33e+19 |        270 |     714.35 |  -1.25e-06
  1.30e+19 |        276 |     683.84 |   2.28e+19 |        276 |     683.84 |  -5.23e-07
  1.30e+19 |        283 |     655.51 |   2.22e+19 |        283 |     655.51 |  -1.25e-06
  1.30e+19 |        290 |     627.52 |   2.16e+19 |        290 |     627.52 |  -8.72e-07
  1.30e+19 |        296 |     606.05 |   2.13e+19 |        296 |     606.05 |  -6.10e-07
  1.30e+19 |        303 |     575.54 |   2.05e+19 |        303 |     575.54 |  -1.45e-06
  1.30e+19 |        309 |     555.19 |   2.02e+19 |        309 |     555.19 |  -1.60e-06
  1.30e+19 |        316 |     538.50 |   2.00e+19 |        316 |     538.50 |  -4.97e-07
  1.30e+19 |        322 |     511.34 |   1.92e+19 |        322 |     511.34 |  -9.03e-07
  1.30e+19 |        329 |     495.76 |   1.90e+19 |        329 |     495.76 |  -9.06e-07
  1.30e+19 |        336 |     480.84 |   1.88e+19 |        336 |     480.84 |  -4.58e-07
  1.30e+19 |        342 |     467.77 |   1.87e+19 |        342 |     467.77 |  -9.67e-07
  1.30e+19 |        349 |     449.39 |   1.82e+19 |        349 |     449.39 |  -5.55e-07
  1.30e+19 |        355 |     437.43 |   1.80e+19 |        355 |     437.43 |  -1.35e-06
  1.30e+19 |        362 |     422.39 |   1.77e+19 |        362 |     422.39 |  -6.14e-07
  1.30e+19 |        369 |     408.64 |   1.74e+19 |        369 |     408.64 |  -1.11e-06
  1.30e+19 |        375 |     396.46 |   1.72e+19 |        375 |     396.46 |  -4.53e-07
  1.30e+19 |        382 |     385.68 |   1.70e+19 |        382 |     385.68 |  -3.99e-08
  1.30e+19 |        388 |     375.24 |   1.69e+19 |        388 |     375.24 |  -7.56e-07
  1.30e+19 |        395 |     365.98 |   1.67e+19 |        395 |     365.98 |  -4.54e-07
  1.30e+19 |        399 |     354.67 |   1.64e+19 |        399 |     354.67 |  -9.73e-07

Sample: 'S4', Data: 'sigma'
---------------------------

n          | T          | Expt.      | n          | T          | Calc.      | Diff.     
----------------------------------------------------------------------------------------
  2.20e+19 |        201 |    2011.50 |   5.40e+19 |        201 |    2011.50 |  -5.57e-06
  2.20e+19 |        208 |    1894.19 |   5.25e+19 |        208 |    1894.19 |  -1.03e-05
  2.20e+19 |        214 |    1796.44 |   5.14e+19 |        214 |    1796.44 |  -1.35e-08
  2.20e+19 |        221 |    1698.91 |   5.03e+19 |        221 |    1698.91 |  -6.34e-10
  2.20e+19 |        228 |    1620.66 |   4.93e+19 |        228 |    1620.66 |  -2.41e-06
  2.20e+19 |        234 |    1535.72 |   4.77e+19 |        234 |    1535.72 |  -2.36e-06
  2.20e+19 |        241 |    1461.67 |   4.64e+19 |        241 |    1461.67 |  -1.92e-06
  2.20e+19 |        248 |    1399.72 |   4.54e+19 |        248 |    1399.72 |  -2.27e-06
  2.20e+19 |        254 |    1327.84 |   4.38e+19 |        254 |    1327.84 |  -7.20e-10
  2.20e+19 |        261 |    1253.44 |   4.21e+19 |        261 |    1253.44 |  -2.33e-07
  2.20e+19 |        267 |    1227.15 |   4.24e+19 |        267 |    1227.15 |  -3.36e-06
  2.20e+19 |        274 |    1170.69 |   4.12e+19 |        274 |    1170.69 |  -1.04e-06
  2.20e+19 |        280 |    1121.01 |   4.04e+19 |        280 |    1121.01 |   8.96e-08
  2.20e+19 |        287 |    1078.00 |   3.96e+19 |        287 |    1078.00 |  -3.31e-09
  2.20e+19 |        294 |    1039.57 |   3.90e+19 |        294 |    1039.57 |  -5.19e-06
  2.20e+19 |        300 |    1000.71 |   3.84e+19 |        300 |    1000.71 |  -1.02e-06
  2.20e+19 |        307 |     950.00 |   3.70e+19 |        307 |     950.00 |  -9.76e-07
  2.20e+19 |        313 |     926.40 |   3.69e+19 |        313 |     926.40 |  -1.41e-06
  2.20e+19 |        320 |     898.40 |   3.66e+19 |        320 |     898.40 |  -2.60e-06
  2.20e+19 |        327 |     869.16 |   3.61e+19 |        327 |     869.16 |  -1.01e-06
  2.20e+19 |        333 |     845.64 |   3.59e+19 |        333 |     845.64 |  -1.33e-08
  2.20e+19 |        340 |     811.77 |   3.51e+19 |        340 |     811.77 |  -1.75e-06
  2.20e+19 |        346 |     792.93 |   3.50e+19 |        346 |     792.93 |  -9.59e-07
  2.20e+19 |        353 |     765.66 |   3.44e+19 |        353 |     765.66 |  -1.16e-06
  2.20e+19 |        359 |     740.94 |   3.39e+19 |        359 |     740.94 |  -2.68e-07
  2.20e+19 |        366 |     718.75 |   3.35e+19 |        366 |     718.75 |  -1.73e-06
  2.20e+19 |        373 |     697.23 |   3.31e+19 |        373 |     697.23 |  -1.36e-06
  2.20e+19 |        380 |     678.36 |   3.29e+19 |        380 |     678.36 |  -2.72e-08
  2.20e+19 |        386 |     658.05 |   3.24e+19 |        386 |     658.05 |  -8.86e-07
  2.20e+19 |        393 |     645.33 |   3.24e+19 |        393 |     645.33 |  -1.42e-06
  2.20e+19 |        398 |     629.74 |   3.21e+19 |        398 |     629.74 |   8.12e-07

Sample: 'S5', Data: 'sigma'
---------------------------

n          | T          | Expt.      | n          | T          | Calc.      | Diff.     
----------------------------------------------------------------------------------------
  8.70e+19 |        203 |    7649.58 |   2.63e+20 |        203 |    7649.58 |  -2.96e-05
  8.70e+19 |        209 |    7251.48 |   2.58e+20 |        209 |    7251.48 |  -1.92e-05
  8.70e+19 |        216 |    6810.63 |   2.52e+20 |        216 |    6810.63 |  -4.17e-06
  8.70e+19 |        222 |    6507.72 |   2.49e+20 |        222 |    6507.72 |  -8.11e-06
  8.70e+19 |        229 |    6250.50 |   2.45e+20 |        229 |    6250.50 |  -1.08e-05
  8.70e+19 |        235 |    5995.49 |   2.40e+20 |        235 |    5995.49 |  -8.86e-06
  8.70e+19 |        242 |    5723.99 |   2.33e+20 |        242 |    5723.99 |  -3.56e-06
  8.70e+19 |        249 |    5522.65 |   2.30e+20 |        249 |    5522.65 |  -5.01e-06
  8.70e+19 |        255 |    5266.76 |   2.23e+20 |        255 |    5266.76 |  -1.93e-05
  8.70e+19 |        262 |    5052.22 |   2.18e+20 |        262 |    5052.22 |  -5.33e-06
  8.70e+19 |        268 |    4794.27 |   2.09e+20 |        268 |    4794.27 |  -5.38e-06
  8.70e+19 |        275 |    4616.64 |   2.05e+20 |        275 |    4616.64 |  -1.38e-05
  8.70e+19 |        282 |    4434.14 |   2.01e+20 |        282 |    4434.14 |  -6.34e-06
  8.70e+19 |        288 |    4338.31 |   2.01e+20 |        288 |    4338.31 |   1.01e-08
  8.70e+19 |        295 |    4143.61 |   1.94e+20 |        295 |    4143.61 |  -9.52e-06
  8.70e+19 |        302 |    4029.84 |   1.93e+20 |        302 |    4029.84 |  -4.15e-06
  8.70e+19 |        308 |    3902.24 |   1.90e+20 |        308 |    3902.24 |  -8.27e-06
  8.70e+19 |        315 |    3778.67 |   1.88e+20 |        315 |    3778.67 |  -8.70e-06
  8.70e+19 |        321 |    3609.08 |   1.82e+20 |        321 |    3609.08 |  -8.05e-06
  8.70e+19 |        328 |    3534.79 |   1.81e+20 |        328 |    3534.79 |  -6.87e-06
  8.70e+19 |        334 |    3372.61 |   1.75e+20 |        334 |    3372.61 |  -9.16e-06
  8.70e+19 |        341 |    3272.90 |   1.73e+20 |        341 |    3272.90 |  -2.28e-06
  8.70e+19 |        348 |    3209.78 |   1.73e+20 |        348 |    3209.78 |  -7.17e-06
  8.70e+19 |        354 |    3074.28 |   1.68e+20 |        354 |    3074.28 |  -8.43e-06
  8.70e+19 |        361 |    3016.87 |   1.68e+20 |        361 |    3016.87 |  -2.86e-06
  8.70e+19 |        367 |    2963.07 |   1.68e+20 |        367 |    2963.07 |  -7.95e-06
  8.70e+19 |        374 |    2816.84 |   1.62e+20 |        374 |    2816.84 |  -9.74e-06
  8.70e+19 |        380 |    2765.38 |   1.62e+20 |        380 |    2765.38 |  -1.19e-07
  8.70e+19 |        387 |    2652.73 |   1.57e+20 |        387 |    2652.73 |  -4.00e-06
  8.70e+19 |        394 |    2577.63 |   1.55e+20 |        394 |    2577.63 |  -9.89e-06
  8.70e+19 |        399 |    2510.57 |   1.53e+20 |        399 |    2510.57 |  -3.83e-06

Sample: 'S1', Data: 's'
-----------------------

n          | T          | Expt.      | n          | T          | Calc.      | Diff.     
----------------------------------------------------------------------------------------
  1.00e+18 |        203 |    -188.73 |   1.12e+18 |        203 |    -188.73 |  -1.30e-07
  1.00e+18 |        213 |    -193.64 |   1.15e+18 |        213 |    -193.64 |  -8.16e-08
  1.00e+18 |        223 |    -199.96 |   1.16e+18 |        223 |    -199.96 |  -3.70e-07
  1.00e+18 |        233 |    -209.11 |   1.11e+18 |        233 |    -209.11 |  -8.37e-08
  1.00e+18 |        243 |    -215.92 |   1.10e+18 |        243 |    -215.92 |  -1.63e-07
  1.00e+18 |        253 |    -222.96 |   1.08e+18 |        253 |    -222.96 |  -1.85e-07
  1.00e+18 |        263 |    -230.23 |   1.06e+18 |        263 |    -230.23 |  -3.84e-07
  1.00e+18 |        273 |    -237.73 |   1.04e+18 |        273 |    -237.73 |  -1.32e-07
  1.00e+18 |        283 |    -245.48 |   1.00e+18 |        283 |    -245.48 |  -7.71e-08
  1.00e+18 |        294 |    -251.88 |   9.93e+17 |        294 |    -251.88 |  -4.57e-07
  1.00e+18 |        303 |    -258.43 |   9.71e+17 |        303 |    -258.43 |  -1.24e-07
  1.00e+18 |        313 |    -266.86 |   9.33e+17 |        313 |    -266.86 |  -3.47e-07
  1.00e+18 |        328 |    -277.36 |   8.99e+17 |        328 |    -277.36 |  -4.54e-07
  1.00e+18 |        343 |    -288.26 |   8.53e+17 |        343 |    -288.26 |  -1.37e-07
  1.00e+18 |        353 |    -295.77 |   8.24e+17 |        353 |    -295.77 |  -2.72e-07
  1.00e+18 |        368 |    -309.36 |   7.55e+17 |        368 |    -309.36 |  -2.14e-07
  1.00e+18 |        382 |    -323.57 |   6.86e+17 |        382 |    -323.57 |  -2.74e-07
  1.00e+18 |        393 |    -332.01 |   6.53e+17 |        393 |    -332.01 |  -2.85e-07

Sample: 'S2', Data: 's'
-----------------------

n          | T          | Expt.      | n          | T          | Calc.      | Diff.     
----------------------------------------------------------------------------------------
  6.80e+18 |        200 |    -111.09 |   4.26e+18 |        200 |    -111.09 |  -1.00e-07
  6.80e+18 |        205 |    -111.98 |   4.42e+18 |        205 |    -111.98 |  -3.07e-07
  6.80e+18 |        213 |    -116.76 |   4.34e+18 |        213 |    -116.76 |  -1.20e-07
  6.80e+18 |        219 |    -117.96 |   4.48e+18 |        219 |    -117.96 |  -1.99e-07
  6.80e+18 |        226 |    -122.17 |   4.41e+18 |        226 |    -122.17 |  -1.41e-07
  6.80e+18 |        232 |    -125.58 |   4.38e+18 |        232 |    -125.58 |  -1.38e-08
  6.80e+18 |        237 |    -126.88 |   4.47e+18 |        237 |    -126.88 |  -2.51e-07
  6.80e+18 |        248 |    -132.41 |   4.41e+18 |        248 |    -132.41 |  -2.88e-07
  6.80e+18 |        253 |    -133.77 |   4.50e+18 |        253 |    -133.77 |  -1.37e-07
  6.80e+18 |        261 |    -137.02 |   4.51e+18 |        261 |    -137.02 |  -4.63e-07
  6.80e+18 |        267 |    -139.87 |   4.50e+18 |        267 |    -139.87 |  -4.61e-07
  6.80e+18 |        273 |    -142.27 |   4.52e+18 |        273 |    -142.27 |  -2.17e-07
  6.80e+18 |        281 |    -146.46 |   4.44e+18 |        281 |    -146.46 |  -4.69e-07
  6.80e+18 |        285 |    -146.58 |   4.58e+18 |        285 |    -146.58 |  -3.03e-07
  6.80e+18 |        296 |    -151.19 |   4.57e+18 |        296 |    -151.19 |  -2.17e-07
  6.80e+18 |        302 |    -151.93 |   4.69e+18 |        302 |    -151.93 |  -3.00e-07
  6.80e+18 |        309 |    -156.83 |   4.52e+18 |        309 |    -156.83 |  -2.28e-07
  6.80e+18 |        316 |    -155.25 |   4.86e+18 |        316 |    -155.25 |  -2.86e-07
  6.80e+18 |        321 |    -160.10 |   4.62e+18 |        321 |    -160.10 |  -1.02e-07
  6.80e+18 |        330 |    -159.84 |   4.89e+18 |        330 |    -159.84 |  -2.61e-07
  6.80e+18 |        334 |    -163.40 |   4.74e+18 |        334 |    -163.40 |  -3.08e-07
  6.80e+18 |        344 |    -172.44 |   4.37e+18 |        344 |    -172.44 |  -3.13e-07
  6.80e+18 |        351 |    -165.88 |   5.01e+18 |        351 |    -165.88 |  -4.52e-07
  6.80e+18 |        356 |    -178.05 |   4.30e+18 |        356 |    -178.05 |  -1.49e-07
  6.80e+18 |        355 |    -163.52 |   5.34e+18 |        355 |    -163.52 |  -1.58e-07
  6.80e+18 |        366 |    -175.86 |   4.67e+18 |        366 |    -175.86 |  -5.01e-07
  6.80e+18 |        370 |    -179.22 |   4.53e+18 |        370 |    -179.22 |  -8.64e-08
  6.80e+18 |        380 |    -182.89 |   4.53e+18 |        380 |    -182.89 |  -4.64e-07
  6.80e+18 |        387 |    -183.46 |   4.63e+18 |        387 |    -183.46 |  -9.06e-08
  6.80e+18 |        392 |    -188.15 |   4.44e+18 |        392 |    -188.15 |  -3.97e-07

Sample: 'S3', Data: 's'
-----------------------

n          | T          | Expt.      | n          | T          | Calc.      | Diff.     
----------------------------------------------------------------------------------------
  1.30e+19 |        203 |     -93.86 |   6.57e+18 |        203 |     -93.86 |  -1.85e-08
  1.30e+19 |        218 |     -97.55 |   6.98e+18 |        218 |     -97.55 |   2.27e-09
  1.30e+19 |        233 |    -100.10 |   7.56e+18 |        233 |    -100.10 |  -3.00e-07
  1.30e+19 |        253 |    -105.39 |   7.93e+18 |        253 |    -105.39 |  -5.39e-08
  1.30e+19 |        267 |    -109.53 |   8.13e+18 |        267 |    -109.53 |  -4.19e-07
  1.30e+19 |        282 |    -113.12 |   8.41e+18 |        282 |    -113.12 |  -6.49e-08
  1.30e+19 |        301 |    -117.58 |   8.74e+18 |        301 |    -117.58 |  -1.29e-07
  1.30e+19 |        316 |    -122.21 |   8.79e+18 |        316 |    -122.21 |  -6.09e-07
  1.30e+19 |        331 |    -125.41 |   9.05e+18 |        331 |    -125.41 |  -5.71e-07
  1.30e+19 |        350 |    -132.03 |   8.91e+18 |        350 |    -132.03 |  -1.03e-07
  1.30e+19 |        366 |    -136.35 |   8.93e+18 |        366 |    -136.35 |  -1.64e-07
  1.30e+19 |        380 |    -142.62 |   8.61e+18 |        380 |    -142.62 |  -6.49e-07
  1.30e+19 |        391 |    -146.34 |   8.52e+18 |        391 |    -146.34 |  -1.18e-07

Sample: 'S4', Data: 's'
-----------------------

n          | T          | Expt.      | n          | T          | Calc.      | Diff.     
----------------------------------------------------------------------------------------
  2.20e+19 |        202 |     -78.07 |   9.74e+18 |        202 |     -78.07 |  -8.15e-08
  2.20e+19 |        213 |     -78.59 |   1.07e+19 |        213 |     -78.59 |  -1.05e-07
  2.20e+19 |        223 |     -79.12 |   1.16e+19 |        223 |     -79.12 |  -2.63e-07
  2.20e+19 |        233 |     -81.70 |   1.19e+19 |        233 |     -81.70 |  -4.77e-08
  2.20e+19 |        242 |     -83.82 |   1.22e+19 |        242 |     -83.82 |  -1.42e-07
  2.20e+19 |        253 |     -83.32 |   1.35e+19 |        253 |     -83.32 |  -1.47e-07
  2.20e+19 |        262 |     -83.35 |   1.45e+19 |        262 |     -83.35 |  -1.43e-07
  2.20e+19 |        272 |     -86.06 |   1.45e+19 |        272 |     -86.06 |  -1.23e-07
  2.20e+19 |        282 |     -90.00 |   1.41e+19 |        282 |     -90.00 |  -1.18e-07
  2.20e+19 |        291 |     -87.77 |   1.58e+19 |        291 |     -87.77 |  -1.10e-07
  2.20e+19 |        303 |     -90.63 |   1.58e+19 |        303 |     -90.63 |  -2.59e-07
  2.20e+19 |        321 |     -95.41 |   1.58e+19 |        321 |     -95.41 |  -1.37e-07
  2.20e+19 |        342 |     -94.27 |   1.81e+19 |        342 |     -94.27 |  -1.00e-07
  2.20e+19 |        361 |     -95.53 |   1.93e+19 |        361 |     -95.53 |  -5.77e-07
  2.20e+19 |        382 |     -98.68 |   1.98e+19 |        382 |     -98.68 |  -1.47e-07
  2.20e+19 |        391 |    -103.86 |   1.87e+19 |        391 |    -103.86 |  -4.88e-07

Sample: 'S5', Data: 's'
-----------------------

n          | T          | Expt.      | n          | T          | Calc.      | Diff.     
----------------------------------------------------------------------------------------
  8.70e+19 |        202 |     -67.46 |   1.35e+19 |        202 |     -67.46 |  -4.17e-09
  8.70e+19 |        223 |     -68.80 |   1.58e+19 |        223 |     -68.80 |  -1.75e-07
  8.70e+19 |        253 |     -70.64 |   1.87e+19 |        253 |     -70.64 |  -7.47e-08
  8.70e+19 |        282 |     -72.06 |   2.16e+19 |        282 |     -72.06 |  -2.35e-07
  8.70e+19 |        302 |     -73.96 |   2.29e+19 |        302 |     -73.96 |  -2.52e-07
  8.70e+19 |        322 |     -74.96 |   2.47e+19 |        322 |     -74.96 |  -1.14e-07
  8.70e+19 |        350 |     -77.94 |   2.66e+19 |        350 |     -77.94 |  -1.23e-07
  8.70e+19 |        371 |     -78.99 |   2.88e+19 |        371 |     -78.99 |  -2.55e-07
  8.70e+19 |        391 |     -81.07 |   3.00e+19 |        391 |     -81.07 |  -8.91e-08


Sample: 'S3', Data: 'sigma', Mode: 'same'
-----------------------------------------

n          | T          | Expt.      | n          | T          | Calc.      | Diff.     
----------------------------------------------------------------------------------------
  1.30e+19 |        204 |    1218.33 |   1.30e+19 |        204 |     627.21 |  -5.91e+02
  1.30e+19 |        210 |    1145.93 |   1.30e+19 |        210 |     604.89 |  -5.41e+02
  1.30e+19 |        217 |    1076.44 |   1.30e+19 |        217 |     581.07 |  -4.95e+02
  1.30e+19 |        224 |    1012.39 |   1.30e+19 |        224 |     560.16 |  -4.52e+02
  1.30e+19 |        230 |     960.14 |   1.30e+19 |        230 |     541.64 |  -4.18e+02
  1.30e+19 |        237 |     909.29 |   1.30e+19 |        237 |     523.45 |  -3.86e+02
  1.30e+19 |        243 |     869.87 |   1.30e+19 |        243 |     506.31 |  -3.64e+02
  1.30e+19 |        250 |     827.61 |   1.30e+19 |        250 |     491.28 |  -3.36e+02
  1.30e+19 |        256 |     782.68 |   1.30e+19 |        256 |     476.11 |  -3.07e+02
  1.30e+19 |        263 |     746.16 |   1.30e+19 |        263 |     462.07 |  -2.84e+02
  1.30e+19 |        270 |     714.35 |   1.30e+19 |        270 |     449.23 |  -2.65e+02
  1.30e+19 |        276 |     683.84 |   1.30e+19 |        276 |     436.28 |  -2.48e+02
  1.30e+19 |        283 |     655.51 |   1.30e+19 |        283 |     424.56 |  -2.31e+02
  1.30e+19 |        290 |     627.52 |   1.30e+19 |        290 |     413.63 |  -2.14e+02
  1.30e+19 |        296 |     606.05 |   1.30e+19 |        296 |     403.02 |  -2.03e+02
  1.30e+19 |        303 |     575.54 |   1.30e+19 |        303 |     392.44 |  -1.83e+02
  1.30e+19 |        309 |     555.19 |   1.30e+19 |        309 |     383.54 |  -1.72e+02
  1.30e+19 |        316 |     538.50 |   1.30e+19 |        316 |     374.10 |  -1.64e+02
  1.30e+19 |        322 |     511.34 |   1.30e+19 |        322 |     365.23 |  -1.46e+02
  1.30e+19 |        329 |     495.76 |   1.30e+19 |        329 |     357.33 |  -1.38e+02
  1.30e+19 |        336 |     480.84 |   1.30e+19 |        336 |     349.00 |  -1.32e+02
  1.30e+19 |        342 |     467.77 |   1.30e+19 |        342 |     341.25 |  -1.27e+02
  1.30e+19 |        349 |     449.39 |   1.30e+19 |        349 |     334.20 |  -1.15e+02
  1.30e+19 |        355 |     437.43 |   1.30e+19 |        355 |     327.22 |  -1.10e+02
  1.30e+19 |        362 |     422.39 |   1.30e+19 |        362 |     320.35 |  -1.02e+02
  1.30e+19 |        369 |     408.64 |   1.30e+19 |        369 |     313.93 |  -9.47e+01
  1.30e+19 |        375 |     396.46 |   1.30e+19 |        375 |     307.57 |  -8.89e+01
  1.30e+19 |        382 |     385.68 |   1.30e+19 |        382 |     301.47 |  -8.42e+01
  1.30e+19 |        388 |     375.24 |   1.30e+19 |        388 |     295.85 |  -7.94e+01
  1.30e+19 |        395 |     365.98 |   1.30e+19 |        395 |     290.31 |  -7.57e+01
  1.30e+19 |        399 |     354.67 |   1.30e+19 |        399 |     286.59 |  -6.81e+01

Sample: 'S3', Data: 'sigma', Mode: 'same_t'
-------------------------------------------

n          | T          | Expt.      | n          | T          | Calc.      | Diff.     
----------------------------------------------------------------------------------------
  1.30e+19 |        204 |    1218.33 |   2.93e+19 |        204 |    1218.33 |  -7.10e-07
  1.30e+19 |        210 |    1145.93 |   2.85e+19 |        210 |    1145.93 |  -9.14e-07
  1.30e+19 |        217 |    1076.44 |   2.78e+19 |        217 |    1076.44 |  -1.35e-06
  1.30e+19 |        224 |    1012.39 |   2.71e+19 |        224 |    1012.39 |  -1.14e-05
  1.30e+19 |        230 |     960.14 |   2.66e+19 |        230 |     960.14 |  -3.26e-06
  1.30e+19 |        237 |     909.29 |   2.61e+19 |        237 |     909.29 |  -5.11e-06
  1.30e+19 |        243 |     869.87 |   2.58e+19 |        243 |     869.87 |  -3.64e-06
  1.30e+19 |        250 |     827.61 |   2.53e+19 |        250 |     827.61 |  -2.60e-06
  1.30e+19 |        256 |     782.68 |   2.46e+19 |        256 |     782.68 |  -8.35e-07
  1.30e+19 |        263 |     746.16 |   2.39e+19 |        263 |     746.16 |  -3.25e-07
  1.30e+19 |        270 |     714.35 |   2.33e+19 |        270 |     714.35 |  -1.25e-06
  1.30e+19 |        276 |     683.84 |   2.28e+19 |        276 |     683.84 |  -5.23e-07
  1.30e+19 |        283 |     655.51 |   2.22e+19 |        283 |     655.51 |  -1.25e-06
  1.30e+19 |        290 |     627.52 |   2.16e+19 |        290 |     627.52 |  -8.72e-07
  1.30e+19 |        296 |     606.05 |   2.13e+19 |        296 |     606.05 |  -6.10e-07
  1.30e+19 |        303 |     575.54 |   2.05e+19 |        303 |     575.54 |  -1.45e-06
  1.30e+19 |        309 |     555.19 |   2.02e+19 |        309 |     555.19 |  -1.60e-06
  1.30e+19 |        316 |     538.50 |   2.00e+19 |        316 |     538.50 |  -4.97e-07
  1.30e+19 |        322 |     511.34 |   1.92e+19 |        322 |     511.34 |  -9.03e-07
  1.30e+19 |        329 |     495.76 |   1.90e+19 |        329 |     495.76 |  -9.06e-07
  1.30e+19 |        336 |     480.84 |   1.88e+19 |        336 |     480.84 |  -4.58e-07
  1.30e+19 |        342 |     467.77 |   1.87e+19 |        342 |     467.77 |  -9.67e-07
  1.30e+19 |        349 |     449.39 |   1.82e+19 |        349 |     449.39 |  -5.55e-07
  1.30e+19 |        355 |     437.43 |   1.80e+19 |        355 |     437.43 |  -1.35e-06
  1.30e+19 |        362 |     422.39 |   1.77e+19 |        362 |     422.39 |  -6.14e-07
  1.30e+19 |        369 |     408.64 |   1.74e+19 |        369 |     408.64 |  -1.11e-06
  1.30e+19 |        375 |     396.46 |   1.72e+19 |        375 |     396.46 |  -4.53e-07
  1.30e+19 |        382 |     385.68 |   1.70e+19 |        382 |     385.68 |  -3.99e-08
  1.30e+19 |        388 |     375.24 |   1.69e+19 |        388 |     375.24 |  -7.56e-07
  1.30e+19 |        395 |     365.98 |   1.67e+19 |        395 |     365.98 |  -4.54e-07
  1.30e+19 |        399 |     354.67 |   1.64e+19 |        399 |     354.67 |  -9.73e-07

Sample: 'S3', Data: 'sigma', Mode: 'same_n'
-------------------------------------------

n          | T          | Expt.      | n          | T          | Calc.      | Diff.     
----------------------------------------------------------------------------------------
  1.30e+19 |        204 |    1218.33 |   1.30e+19 |        200 |     640.78 |  -5.78e+02
  1.30e+19 |        210 |    1145.93 |   1.30e+19 |        200 |     640.78 |  -5.05e+02
  1.30e+19 |        217 |    1076.44 |   1.30e+19 |        200 |     640.78 |  -4.36e+02
  1.30e+19 |        224 |    1012.39 |   1.30e+19 |        200 |     640.78 |  -3.72e+02
  1.30e+19 |        230 |     960.14 |   1.30e+19 |        200 |     640.78 |  -3.19e+02
  1.30e+19 |        237 |     909.29 |   1.30e+19 |        200 |     640.78 |  -2.69e+02
  1.30e+19 |        243 |     869.87 |   1.30e+19 |        200 |     640.78 |  -2.29e+02
  1.30e+19 |        250 |     827.61 |   1.30e+19 |        200 |     640.78 |  -1.87e+02
  1.30e+19 |        256 |     782.68 |   1.30e+19 |        200 |     640.78 |  -1.42e+02
  1.30e+19 |        263 |     746.16 |   1.30e+19 |        200 |     640.78 |  -1.05e+02
  1.30e+19 |        270 |     714.35 |   1.30e+19 |        200 |     640.78 |  -7.36e+01
  1.30e+19 |        276 |     683.84 |   1.30e+19 |        200 |     640.78 |  -4.31e+01
  1.30e+19 |        283 |     655.51 |   1.30e+19 |        200 |     640.78 |  -1.47e+01
  1.30e+19 |        290 |     627.52 |   1.30e+19 |        204 |     627.52 |   4.32e-10
  1.30e+19 |        296 |     606.05 |   1.30e+19 |        210 |     606.05 |   4.53e-09
  1.30e+19 |        303 |     575.54 |   1.30e+19 |        219 |     575.54 |   1.24e-08
  1.30e+19 |        309 |     555.19 |   1.30e+19 |        225 |     555.19 |   2.32e-09
  1.30e+19 |        316 |     538.50 |   1.30e+19 |        231 |     538.50 |  -1.22e-10
  1.30e+19 |        322 |     511.34 |   1.30e+19 |        241 |     511.34 |   3.60e-09
  1.30e+19 |        329 |     495.76 |   1.30e+19 |        248 |     495.76 |   3.52e-09
  1.30e+19 |        336 |     480.84 |   1.30e+19 |        254 |     480.84 |   2.04e-09
  1.30e+19 |        342 |     467.77 |   1.30e+19 |        260 |     467.77 |   1.34e-09
  1.30e+19 |        349 |     449.39 |   1.30e+19 |        270 |     449.39 |   1.87e-09
  1.30e+19 |        355 |     437.43 |   1.30e+19 |        276 |     437.43 |   1.40e-09
  1.30e+19 |        362 |     422.39 |   1.30e+19 |        284 |     422.39 |   1.05e-09
  1.30e+19 |        369 |     408.64 |   1.30e+19 |        293 |     408.64 |   1.98e-09
  1.30e+19 |        375 |     396.46 |   1.30e+19 |        300 |     396.46 |   7.86e-10
  1.30e+19 |        382 |     385.68 |   1.30e+19 |        308 |     385.68 |   1.96e-09
  1.30e+19 |        388 |     375.24 |   1.30e+19 |        315 |     375.24 |   2.33e-10
  1.30e+19 |        395 |     365.98 |   1.30e+19 |        322 |     365.98 |   1.84e-11
  1.30e+19 |        399 |     354.67 |   1.30e+19 |        331 |     354.67 |   1.85e-09

Sample: 'S3', Data: 'sigma', Mode: 'best_match'
-----------------------------------------------

n          | T          | Expt.      | n          | T          | Calc.      | Diff.     
----------------------------------------------------------------------------------------
  1.30e+19 |        204 |    1218.33 |   5.03e+19 |        300 |    1218.33 |  -1.31e-05
  1.30e+19 |        210 |    1145.93 |   9.83e+19 |        540 |    1145.93 |  -8.56e-06
  1.30e+19 |        217 |    1076.44 |   9.99e+19 |        580 |    1076.44 |  -5.80e-06
  1.30e+19 |        224 |    1012.39 |   1.01e+20 |        620 |    1012.39 |  -1.60e-05
  1.30e+19 |        230 |     960.14 |   9.84e+19 |        640 |     960.14 |  -7.36e-06
  1.30e+19 |        237 |     909.29 |   7.50e+19 |        540 |     909.29 |  -3.35e-06
  1.30e+19 |        243 |     869.87 |   7.44e+19 |        560 |     869.87 |   5.97e-09
  1.30e+19 |        250 |     827.61 |   9.88e+19 |        740 |     827.61 |  -1.63e-06
  1.30e+19 |        256 |     782.68 |   7.47e+19 |        620 |     782.68 |  -2.45e-10
  1.30e+19 |        263 |     746.16 |   9.92e+19 |        820 |     746.16 |  -8.87e-06
  1.30e+19 |        270 |     714.35 |   2.50e+19 |        280 |     714.35 |  -5.03e-06
  1.30e+19 |        276 |     683.84 |   1.00e+20 |        900 |     683.84 |  -1.09e-05
  1.30e+19 |        283 |     655.51 |   2.47e+19 |        300 |     655.51 |  -4.03e-06
  1.30e+19 |        290 |     627.52 |   7.44e+19 |        760 |     627.52 |  -4.49e-06
  1.30e+19 |        296 |     606.05 |   9.95e+19 |       1000 |     606.05 |  -8.28e-07
  1.30e+19 |        303 |     575.54 |   2.50e+19 |        340 |     575.54 |   1.25e-12
  1.30e+19 |        309 |     555.19 |   7.53e+19 |        860 |     555.19 |  -1.53e-06
  1.30e+19 |        316 |     538.50 |   2.50e+19 |        360 |     538.50 |  -1.48e-11
  1.30e+19 |        322 |     511.34 |   7.44e+19 |        920 |     511.34 |  -7.49e-07
  1.30e+19 |        329 |     495.76 |   4.97e+19 |        680 |     495.76 |  -2.55e-06
  1.30e+19 |        336 |     480.84 |   7.51e+19 |        980 |     480.84 |  -8.09e-07
  1.30e+19 |        342 |     467.77 |   5.00e+19 |        720 |     467.77 |  -2.78e-06
  1.30e+19 |        349 |     449.39 |   4.93e+19 |        740 |     449.39 |  -5.30e-07
  1.30e+19 |        355 |     437.43 |   4.95e+19 |        760 |     437.43 |  -1.27e-06
  1.30e+19 |        362 |     422.39 |   1.00e+19 |        220 |     422.39 |  -6.27e-06
  1.30e+19 |        369 |     408.64 |   2.48e+19 |        460 |     408.64 |  -1.04e-06
  1.30e+19 |        375 |     396.46 |   5.02e+19 |        840 |     396.46 |  -4.70e-06
  1.30e+19 |        382 |     385.68 |   5.02e+19 |        860 |     385.68 |  -8.11e-07
  1.30e+19 |        388 |     375.24 |   5.01e+19 |        880 |     375.24 |  -1.16e-06
  1.30e+19 |        395 |     365.98 |   5.01e+19 |        900 |     365.98 |  -2.33e-10
  1.30e+19 |        399 |     354.67 |   4.96e+19 |        920 |     354.67 |  -3.50e-07

Sample: 'S3', Data: 's', Mode: 'same'
-------------------------------------

n          | T          | Expt.      | n          | T          | Calc.      | Diff.     
----------------------------------------------------------------------------------------
  1.30e+19 |        203 |     -93.86 |   1.30e+19 |        203 |     -68.88 |   2.50e+01
  1.30e+19 |        218 |     -97.55 |   1.30e+19 |        218 |     -73.70 |   2.38e+01
  1.30e+19 |        233 |    -100.10 |   1.30e+19 |        233 |     -78.52 |   2.16e+01
  1.30e+19 |        253 |    -105.39 |   1.30e+19 |        253 |     -84.64 |   2.07e+01
  1.30e+19 |        267 |    -109.53 |   1.30e+19 |        267 |     -89.12 |   2.04e+01
  1.30e+19 |        282 |    -113.12 |   1.30e+19 |        282 |     -93.47 |   1.96e+01
  1.30e+19 |        301 |    -117.58 |   1.30e+19 |        301 |     -98.98 |   1.86e+01
  1.30e+19 |        316 |    -122.21 |   1.30e+19 |        316 |    -103.28 |   1.89e+01
  1.30e+19 |        331 |    -125.41 |   1.30e+19 |        331 |    -107.48 |   1.79e+01
  1.30e+19 |        350 |    -132.03 |   1.30e+19 |        350 |    -112.57 |   1.95e+01
  1.30e+19 |        366 |    -136.35 |   1.30e+19 |        366 |    -116.58 |   1.98e+01
  1.30e+19 |        380 |    -142.62 |   1.30e+19 |        380 |    -120.21 |   2.24e+01
  1.30e+19 |        391 |    -146.34 |   1.30e+19 |        391 |    -122.95 |   2.34e+01

Sample: 'S3', Data: 's', Mode: 'same_t'
---------------------------------------

n          | T          | Expt.      | n          | T          | Calc.      | Diff.     
----------------------------------------------------------------------------------------
  1.30e+19 |        203 |     -93.86 |   6.57e+18 |        203 |     -93.86 |  -1.85e-08
  1.30e+19 |        218 |     -97.55 |   6.98e+18 |        218 |     -97.55 |   2.27e-09
  1.30e+19 |        233 |    -100.10 |   7.56e+18 |        233 |    -100.10 |  -3.00e-07
  1.30e+19 |        253 |    -105.39 |   7.93e+18 |        253 |    -105.39 |  -5.39e-08
  1.30e+19 |        267 |    -109.53 |   8.13e+18 |        267 |    -109.53 |  -4.19e-07
  1.30e+19 |        282 |    -113.12 |   8.41e+18 |        282 |    -113.12 |  -6.49e-08
  1.30e+19 |        301 |    -117.58 |   8.74e+18 |        301 |    -117.58 |  -1.29e-07
  1.30e+19 |        316 |    -122.21 |   8.79e+18 |        316 |    -122.21 |  -6.09e-07
  1.30e+19 |        331 |    -125.41 |   9.05e+18 |        331 |    -125.41 |  -5.71e-07
  1.30e+19 |        350 |    -132.03 |   8.91e+18 |        350 |    -132.03 |  -1.03e-07
  1.30e+19 |        366 |    -136.35 |   8.93e+18 |        366 |    -136.35 |  -1.64e-07
  1.30e+19 |        380 |    -142.62 |   8.61e+18 |        380 |    -142.62 |  -6.49e-07
  1.30e+19 |        391 |    -146.34 |   8.52e+18 |        391 |    -146.34 |  -1.18e-07

Sample: 'S3', Data: 's', Mode: 'same_n'
---------------------------------------

n          | T          | Expt.      | n          | T          | Calc.      | Diff.     
----------------------------------------------------------------------------------------
  1.30e+19 |        203 |     -93.86 |   1.30e+19 |        283 |     -93.86 |   1.68e-10
  1.30e+19 |        218 |     -97.55 |   1.30e+19 |        296 |     -97.55 |   2.68e-10
  1.30e+19 |        233 |    -100.10 |   1.30e+19 |        305 |    -100.10 |   2.03e-10
  1.30e+19 |        253 |    -105.39 |   1.30e+19 |        324 |    -105.39 |   1.99e-10
  1.30e+19 |        267 |    -109.53 |   1.30e+19 |        339 |    -109.53 |   4.33e-10
  1.30e+19 |        282 |    -113.12 |   1.30e+19 |        353 |    -113.12 |   2.75e-10
  1.30e+19 |        301 |    -117.58 |   1.30e+19 |        370 |    -117.58 |   2.32e-10
  1.30e+19 |        316 |    -122.21 |   1.30e+19 |        388 |    -122.21 |   3.24e-10
  1.30e+19 |        331 |    -125.41 |   1.30e+19 |        401 |    -125.41 |   2.81e-10
  1.30e+19 |        350 |    -132.03 |   1.30e+19 |        428 |    -132.03 |   4.18e-10
  1.30e+19 |        366 |    -136.35 |   1.30e+19 |        446 |    -136.35 |   2.69e-10
  1.30e+19 |        380 |    -142.62 |   1.30e+19 |        473 |    -142.62 |   1.55e-10
  1.30e+19 |        391 |    -146.34 |   1.30e+19 |        490 |    -146.34 |   1.55e-10

Sample: 'S3', Data: 's', Mode: 'best_match'
-------------------------------------------

n          | T          | Expt.      | n          | T          | Calc.      | Diff.     
----------------------------------------------------------------------------------------
  1.30e+19 |        203 |     -93.86 |   1.00e+20 |        760 |     -93.86 |  -9.69e-08
  1.30e+19 |        218 |     -97.55 |   9.96e+18 |        260 |     -97.55 |  -5.89e-08
  1.30e+19 |        233 |    -100.10 |   2.45e+20 |        920 |    -100.10 |  -4.48e-08
  1.30e+19 |        253 |    -105.39 |   2.51e+20 |        980 |    -105.39 |  -1.21e-07
  1.30e+19 |        267 |    -109.53 |   2.49e+19 |        500 |    -109.53 |  -5.87e-07
  1.30e+19 |        282 |    -113.12 |   7.49e+19 |        840 |    -113.12 |  -5.30e-10
  1.30e+19 |        301 |    -117.58 |   7.58e+18 |        280 |    -117.58 |  -1.35e-07
  1.30e+19 |        316 |    -122.21 |   7.49e+19 |        900 |    -122.21 |  -4.18e-07
  1.30e+19 |        331 |    -125.41 |   7.46e+19 |        920 |    -125.41 |  -1.84e-07
  1.30e+19 |        350 |    -132.03 |   7.48e+18 |        320 |    -132.03 |  -2.59e-10
  1.30e+19 |        366 |    -136.35 |   4.99e+19 |        880 |    -136.35 |  -1.05e-08
  1.30e+19 |        380 |    -142.62 |   5.01e+19 |        920 |    -142.62 |  -1.84e-09
  1.30e+19 |        391 |    -146.34 |   4.97e+19 |        940 |    -146.34 |  -3.06e-07


